[debug] [2020-10-26T17:02:50.578Z] ----------------------------------------------------------------------
[debug] [2020-10-26T17:02:50.579Z] Command:       C:\node.exe C:\Users\ASUS VIVOBOOK\AppData\Roaming\npm\node_modules\firebase-tools\lib\bin\firebase.js deploy --only hosting
[debug] [2020-10-26T17:02:50.580Z] CLI Version:   8.13.1
[debug] [2020-10-26T17:02:50.580Z] Platform:      win32
[debug] [2020-10-26T17:02:50.580Z] Node Version:  v12.16.2
[debug] [2020-10-26T17:02:50.581Z] Time:          Mon Oct 26 2020 23:02:50 GMT+0600 (Bangladesh Standard Time)
[debug] [2020-10-26T17:02:50.581Z] ----------------------------------------------------------------------
[debug] [2020-10-26T17:02:50.581Z] 
[debug] [2020-10-26T17:02:50.589Z] > command requires scopes: ["email","openid","https://www.googleapis.com/auth/cloudplatformprojects.readonly","https://www.googleapis.com/auth/firebase","https://www.googleapis.com/auth/cloud-platform"]
[debug] [2020-10-26T17:02:50.589Z] > authorizing via signed-in user
[debug] [2020-10-26T17:02:50.590Z] [iam] checking project clone-3980c for permissions ["firebase.projects.get","firebasehosting.sites.update"]
[debug] [2020-10-26T17:02:50.592Z] >>> HTTP REQUEST POST https://cloudresourcemanager.googleapis.com/v1/projects/clone-3980c:testIamPermissions  
 {"permissions":["firebase.projects.get","firebasehosting.sites.update"]}
[debug] [2020-10-26T17:02:51.987Z] <<< HTTP RESPONSE 200 {"content-type":"application/json; charset=UTF-8","vary":"X-Origin, Referer, Origin,Accept-Encoding","date":"Mon, 26 Oct 2020 17:02:52 GMT","server":"ESF","cache-control":"private","x-xss-protection":"0","x-frame-options":"SAMEORIGIN","x-content-type-options":"nosniff","server-timing":"gfet4t7; dur=960","alt-svc":"h3-Q050=\":443\"; ma=2592000,h3-29=\":443\"; ma=2592000,h3-T051=\":443\"; ma=2592000,h3-T050=\":443\"; ma=2592000,h3-Q046=\":443\"; ma=2592000,h3-Q043=\":443\"; ma=2592000,quic=\":443\"; ma=2592000; v=\"46,43\"","accept-ranges":"none","transfer-encoding":"chunked"}
[debug] [2020-10-26T17:02:51.989Z] >>> HTTP REQUEST GET https://firebase.googleapis.com/v1beta1/projects/clone-3980c  
 
[debug] [2020-10-26T17:02:52.557Z] <<< HTTP RESPONSE 200 {"content-type":"application/json; charset=UTF-8","vary":"X-Origin, Referer, Origin,Accept-Encoding","date":"Mon, 26 Oct 2020 17:02:53 GMT","server":"ESF","cache-control":"private","x-xss-protection":"0","x-frame-options":"SAMEORIGIN","x-content-type-options":"nosniff","alt-svc":"h3-Q050=\":443\"; ma=2592000,h3-29=\":443\"; ma=2592000,h3-T051=\":443\"; ma=2592000,h3-T050=\":443\"; ma=2592000,h3-Q046=\":443\"; ma=2592000,h3-Q043=\":443\"; ma=2592000,quic=\":443\"; ma=2592000; v=\"46,43\"","accept-ranges":"none","transfer-encoding":"chunked"}
[info] 
[info] === Deploying to 'clone-3980c'...
[info] 
[info] i  deploying hosting 
[debug] [2020-10-26T17:02:56.354Z] >>> HTTP REQUEST POST https://firebasehosting.googleapis.com/v1beta1/sites/clone-3980c/versions  
 {"config":{},"labels":{"deployment-tool":"cli-firebase"}}
[debug] [2020-10-26T17:02:58.025Z] <<< HTTP RESPONSE 500 {"vary":"X-Origin, Referer, Origin,Accept-Encoding","content-type":"application/json; charset=UTF-8","date":"Mon, 26 Oct 2020 17:02:58 GMT","server":"ESF","cache-control":"private","x-xss-protection":"0","x-frame-options":"SAMEORIGIN","x-content-type-options":"nosniff","alt-svc":"h3-Q050=\":443\"; ma=2592000,h3-29=\":443\"; ma=2592000,h3-T051=\":443\"; ma=2592000,h3-T050=\":443\"; ma=2592000,h3-Q046=\":443\"; ma=2592000,h3-Q043=\":443\"; ma=2592000,quic=\":443\"; ma=2592000; v=\"46,43\"","accept-ranges":"none","transfer-encoding":"chunked"}
[debug] [2020-10-26T17:02:58.025Z] <<< HTTP RESPONSE BODY {"error":{"code":500,"message":"Internal error encountered.","status":"INTERNAL"}}
[error] 
[error] Error: HTTP Error: 500, Internal error encountered.
[debug] [2020-10-26T17:02:58.352Z] Error Context: {
  "body": {
    "error": {
      "code": 500,
      "message": "Internal error encountered.",
      "status": "INTERNAL"
    }
  },
  "response": {
    "statusCode": 500,
    "body": {
      "error": {
        "code": 500,
        "message": "Internal error encountered.",
        "status": "INTERNAL"
      }
    },
    "headers": {
      "vary": "X-Origin, Referer, Origin,Accept-Encoding",
      "content-type": "application/json; charset=UTF-8",
      "date": "Mon, 26 Oct 2020 17:02:58 GMT",
      "server": "ESF",
      "cache-control": "private",
      "x-xss-protection": "0",
      "x-frame-options": "SAMEORIGIN",
      "x-content-type-options": "nosniff",
      "alt-svc": "h3-Q050=\":443\"; ma=2592000,h3-29=\":443\"; ma=2592000,h3-T051=\":443\"; ma=2592000,h3-T050=\":443\"; ma=2592000,h3-Q046=\":443\"; ma=2592000,h3-Q043=\":443\"; ma=2592000,quic=\":443\"; ma=2592000; v=\"46,43\"",
      "accept-ranges": "none",
      "transfer-encoding": "chunked"
    },
    "request": {
      "uri": {
        "protocol": "https:",
        "slashes": true,
        "auth": null,
        "host": "firebasehosting.googleapis.com",
        "port": 443,
        "hostname": "firebasehosting.googleapis.com",
        "hash": null,
        "search": null,
        "query": null,
        "pathname": "/v1beta1/sites/clone-3980c/versions",
        "path": "/v1beta1/sites/clone-3980c/versions",
        "href": "https://firebasehosting.googleapis.com/v1beta1/sites/clone-3980c/versions"
      },
      "method": "POST"
    }
  }
}
[debug] [2020-10-26T17:03:14.250Z] ----------------------------------------------------------------------
[debug] [2020-10-26T17:03:14.252Z] Command:       C:\node.exe C:\Users\ASUS VIVOBOOK\AppData\Roaming\npm\node_modules\firebase-tools\lib\bin\firebase.js deploy --only hosting
[debug] [2020-10-26T17:03:14.252Z] CLI Version:   8.13.1
[debug] [2020-10-26T17:03:14.252Z] Platform:      win32
[debug] [2020-10-26T17:03:14.252Z] Node Version:  v12.16.2
[debug] [2020-10-26T17:03:14.253Z] Time:          Mon Oct 26 2020 23:03:14 GMT+0600 (Bangladesh Standard Time)
[debug] [2020-10-26T17:03:14.253Z] ----------------------------------------------------------------------
[debug] [2020-10-26T17:03:14.254Z] 
[debug] [2020-10-26T17:03:14.260Z] > command requires scopes: ["email","openid","https://www.googleapis.com/auth/cloudplatformprojects.readonly","https://www.googleapis.com/auth/firebase","https://www.googleapis.com/auth/cloud-platform"]
[debug] [2020-10-26T17:03:14.261Z] > authorizing via signed-in user
[debug] [2020-10-26T17:03:14.261Z] [iam] checking project clone-3980c for permissions ["firebase.projects.get","firebasehosting.sites.update"]
[debug] [2020-10-26T17:03:14.264Z] >>> HTTP REQUEST POST https://cloudresourcemanager.googleapis.com/v1/projects/clone-3980c:testIamPermissions  
 {"permissions":["firebase.projects.get","firebasehosting.sites.update"]}
[debug] [2020-10-26T17:03:15.461Z] <<< HTTP RESPONSE 200 {"content-type":"application/json; charset=UTF-8","vary":"X-Origin, Referer, Origin,Accept-Encoding","date":"Mon, 26 Oct 2020 17:03:16 GMT","server":"ESF","cache-control":"private","x-xss-protection":"0","x-frame-options":"SAMEORIGIN","x-content-type-options":"nosniff","server-timing":"gfet4t7; dur=958","alt-svc":"h3-Q050=\":443\"; ma=2592000,h3-29=\":443\"; ma=2592000,h3-T051=\":443\"; ma=2592000,h3-T050=\":443\"; ma=2592000,h3-Q046=\":443\"; ma=2592000,h3-Q043=\":443\"; ma=2592000,quic=\":443\"; ma=2592000; v=\"46,43\"","accept-ranges":"none","transfer-encoding":"chunked"}
[debug] [2020-10-26T17:03:15.463Z] >>> HTTP REQUEST GET https://firebase.googleapis.com/v1beta1/projects/clone-3980c  
 
[debug] [2020-10-26T17:03:15.839Z] <<< HTTP RESPONSE 200 {"content-type":"application/json; charset=UTF-8","vary":"X-Origin, Referer, Origin,Accept-Encoding","date":"Mon, 26 Oct 2020 17:03:16 GMT","server":"ESF","cache-control":"private","x-xss-protection":"0","x-frame-options":"SAMEORIGIN","x-content-type-options":"nosniff","alt-svc":"h3-Q050=\":443\"; ma=2592000,h3-29=\":443\"; ma=2592000,h3-T051=\":443\"; ma=2592000,h3-T050=\":443\"; ma=2592000,h3-Q046=\":443\"; ma=2592000,h3-Q043=\":443\"; ma=2592000,quic=\":443\"; ma=2592000; v=\"46,43\"","accept-ranges":"none","transfer-encoding":"chunked"}
[info] 
[info] === Deploying to 'clone-3980c'...
[info] 
[info] i  deploying hosting 
[debug] [2020-10-26T17:03:18.552Z] >>> HTTP REQUEST POST https://firebasehosting.googleapis.com/v1beta1/sites/clone-3980c/versions  
 {"config":{},"labels":{"deployment-tool":"cli-firebase"}}
[debug] [2020-10-26T17:03:20.219Z] <<< HTTP RESPONSE 500 {"vary":"X-Origin, Referer, Origin,Accept-Encoding","content-type":"application/json; charset=UTF-8","date":"Mon, 26 Oct 2020 17:03:20 GMT","server":"ESF","cache-control":"private","x-xss-protection":"0","x-frame-options":"SAMEORIGIN","x-content-type-options":"nosniff","alt-svc":"h3-Q050=\":443\"; ma=2592000,h3-29=\":443\"; ma=2592000,h3-T051=\":443\"; ma=2592000,h3-T050=\":443\"; ma=2592000,h3-Q046=\":443\"; ma=2592000,h3-Q043=\":443\"; ma=2592000,quic=\":443\"; ma=2592000; v=\"46,43\"","accept-ranges":"none","transfer-encoding":"chunked"}
[debug] [2020-10-26T17:03:20.219Z] <<< HTTP RESPONSE BODY {"error":{"code":500,"message":"Internal error encountered.","status":"INTERNAL"}}
[error] 
[error] Error: HTTP Error: 500, Internal error encountered.
[debug] [2020-10-26T17:03:20.436Z] Error Context: {
  "body": {
    "error": {
      "code": 500,
      "message": "Internal error encountered.",
      "status": "INTERNAL"
    }
  },
  "response": {
    "statusCode": 500,
    "body": {
      "error": {
        "code": 500,
        "message": "Internal error encountered.",
        "status": "INTERNAL"
      }
    },
    "headers": {
      "vary": "X-Origin, Referer, Origin,Accept-Encoding",
      "content-type": "application/json; charset=UTF-8",
      "date": "Mon, 26 Oct 2020 17:03:20 GMT",
      "server": "ESF",
      "cache-control": "private",
      "x-xss-protection": "0",
      "x-frame-options": "SAMEORIGIN",
      "x-content-type-options": "nosniff",
      "alt-svc": "h3-Q050=\":443\"; ma=2592000,h3-29=\":443\"; ma=2592000,h3-T051=\":443\"; ma=2592000,h3-T050=\":443\"; ma=2592000,h3-Q046=\":443\"; ma=2592000,h3-Q043=\":443\"; ma=2592000,quic=\":443\"; ma=2592000; v=\"46,43\"",
      "accept-ranges": "none",
      "transfer-encoding": "chunked"
    },
    "request": {
      "uri": {
        "protocol": "https:",
        "slashes": true,
        "auth": null,
        "host": "firebasehosting.googleapis.com",
        "port": 443,
        "hostname": "firebasehosting.googleapis.com",
        "hash": null,
        "search": null,
        "query": null,
        "pathname": "/v1beta1/sites/clone-3980c/versions",
        "path": "/v1beta1/sites/clone-3980c/versions",
        "href": "https://firebasehosting.googleapis.com/v1beta1/sites/clone-3980c/versions"
      },
      "method": "POST"
    }
  }
}
[debug] [2020-10-26T17:03:37.137Z] ----------------------------------------------------------------------
[debug] [2020-10-26T17:03:37.139Z] Command:       C:\node.exe C:\Users\ASUS VIVOBOOK\AppData\Roaming\npm\node_modules\firebase-tools\lib\bin\firebase.js deploy --only hosting
[debug] [2020-10-26T17:03:37.139Z] CLI Version:   8.13.1
[debug] [2020-10-26T17:03:37.139Z] Platform:      win32
[debug] [2020-10-26T17:03:37.139Z] Node Version:  v12.16.2
[debug] [2020-10-26T17:03:37.140Z] Time:          Mon Oct 26 2020 23:03:37 GMT+0600 (Bangladesh Standard Time)
[debug] [2020-10-26T17:03:37.141Z] ----------------------------------------------------------------------
[debug] [2020-10-26T17:03:37.141Z] 
[debug] [2020-10-26T17:03:37.149Z] > command requires scopes: ["email","openid","https://www.googleapis.com/auth/cloudplatformprojects.readonly","https://www.googleapis.com/auth/firebase","https://www.googleapis.com/auth/cloud-platform"]
[debug] [2020-10-26T17:03:37.149Z] > authorizing via signed-in user
[debug] [2020-10-26T17:03:37.150Z] [iam] checking project clone-3980c for permissions ["firebase.projects.get","firebasehosting.sites.update"]
[debug] [2020-10-26T17:03:37.152Z] >>> HTTP REQUEST POST https://cloudresourcemanager.googleapis.com/v1/projects/clone-3980c:testIamPermissions  
 {"permissions":["firebase.projects.get","firebasehosting.sites.update"]}
[debug] [2020-10-26T17:03:38.329Z] <<< HTTP RESPONSE 200 {"content-type":"application/json; charset=UTF-8","vary":"X-Origin, Referer, Origin,Accept-Encoding","date":"Mon, 26 Oct 2020 17:03:39 GMT","server":"ESF","cache-control":"private","x-xss-protection":"0","x-frame-options":"SAMEORIGIN","x-content-type-options":"nosniff","server-timing":"gfet4t7; dur=943","alt-svc":"h3-Q050=\":443\"; ma=2592000,h3-29=\":443\"; ma=2592000,h3-T051=\":443\"; ma=2592000,h3-T050=\":443\"; ma=2592000,h3-Q046=\":443\"; ma=2592000,h3-Q043=\":443\"; ma=2592000,quic=\":443\"; ma=2592000; v=\"46,43\"","accept-ranges":"none","transfer-encoding":"chunked"}
[debug] [2020-10-26T17:03:38.331Z] >>> HTTP REQUEST GET https://firebase.googleapis.com/v1beta1/projects/clone-3980c  
 
[debug] [2020-10-26T17:03:38.786Z] <<< HTTP RESPONSE 200 {"content-type":"application/json; charset=UTF-8","vary":"X-Origin, Referer, Origin,Accept-Encoding","date":"Mon, 26 Oct 2020 17:03:39 GMT","server":"ESF","cache-control":"private","x-xss-protection":"0","x-frame-options":"SAMEORIGIN","x-content-type-options":"nosniff","alt-svc":"h3-Q050=\":443\"; ma=2592000,h3-29=\":443\"; ma=2592000,h3-T051=\":443\"; ma=2592000,h3-T050=\":443\"; ma=2592000,h3-Q046=\":443\"; ma=2592000,h3-Q043=\":443\"; ma=2592000,quic=\":443\"; ma=2592000; v=\"46,43\"","accept-ranges":"none","transfer-encoding":"chunked"}
[info] 
[info] === Deploying to 'clone-3980c'...
[info] 
[info] i  deploying hosting 
[debug] [2020-10-26T17:03:41.654Z] >>> HTTP REQUEST POST https://firebasehosting.googleapis.com/v1beta1/sites/clone-3980c/versions  
 {"config":{"rewrites":[{"glob":"**","path":"/index.html"}]},"labels":{"deployment-tool":"cli-firebase"}}
[debug] [2020-10-26T17:03:43.201Z] <<< HTTP RESPONSE 500 {"vary":"X-Origin, Referer, Origin,Accept-Encoding","content-type":"application/json; charset=UTF-8","date":"Mon, 26 Oct 2020 17:03:43 GMT","server":"ESF","cache-control":"private","x-xss-protection":"0","x-frame-options":"SAMEORIGIN","x-content-type-options":"nosniff","alt-svc":"h3-Q050=\":443\"; ma=2592000,h3-29=\":443\"; ma=2592000,h3-T051=\":443\"; ma=2592000,h3-T050=\":443\"; ma=2592000,h3-Q046=\":443\"; ma=2592000,h3-Q043=\":443\"; ma=2592000,quic=\":443\"; ma=2592000; v=\"46,43\"","accept-ranges":"none","transfer-encoding":"chunked"}
[debug] [2020-10-26T17:03:43.202Z] <<< HTTP RESPONSE BODY {"error":{"code":500,"message":"Internal error encountered.","status":"INTERNAL"}}
[error] 
[error] Error: HTTP Error: 500, Internal error encountered.
[debug] [2020-10-26T17:03:43.855Z] Error Context: {
  "body": {
    "error": {
      "code": 500,
      "message": "Internal error encountered.",
      "status": "INTERNAL"
    }
  },
  "response": {
    "statusCode": 500,
    "body": {
      "error": {
        "code": 500,
        "message": "Internal error encountered.",
        "status": "INTERNAL"
      }
    },
    "headers": {
      "vary": "X-Origin, Referer, Origin,Accept-Encoding",
      "content-type": "application/json; charset=UTF-8",
      "date": "Mon, 26 Oct 2020 17:03:43 GMT",
      "server": "ESF",
      "cache-control": "private",
      "x-xss-protection": "0",
      "x-frame-options": "SAMEORIGIN",
      "x-content-type-options": "nosniff",
      "alt-svc": "h3-Q050=\":443\"; ma=2592000,h3-29=\":443\"; ma=2592000,h3-T051=\":443\"; ma=2592000,h3-T050=\":443\"; ma=2592000,h3-Q046=\":443\"; ma=2592000,h3-Q043=\":443\"; ma=2592000,quic=\":443\"; ma=2592000; v=\"46,43\"",
      "accept-ranges": "none",
      "transfer-encoding": "chunked"
    },
    "request": {
      "uri": {
        "protocol": "https:",
        "slashes": true,
        "auth": null,
        "host": "firebasehosting.googleapis.com",
        "port": 443,
        "hostname": "firebasehosting.googleapis.com",
        "hash": null,
        "search": null,
        "query": null,
        "pathname": "/v1beta1/sites/clone-3980c/versions",
        "path": "/v1beta1/sites/clone-3980c/versions",
        "href": "https://firebasehosting.googleapis.com/v1beta1/sites/clone-3980c/versions"
      },
      "method": "POST"
    }
  }
}
